This is pdfTeXk, Version 3.141592-1.40.3 (Web2C 7.5.6) (format=pdfetex 2008.12.4)  20 MAY 2009 09:36
entering extended mode
 file:line:error style messages enabled.
**./cfnova.pdf
(./cfnova.pdf
Missing character: There is no ú in font cmr10!
Missing character: There is no Ì in font cmr10!
Missing character: There is no ñ in font cmr10!
Missing character: There is no ‹ in font cmr10!
Missing character: There is no Á in font cmr10!
Missing character: There is no ‚ in font cmr10!
Missing character: There is no Å in font cmr10!
Missing character: There is no í in font cmr10!
Missing character: There is no ‡ in font cmr10!
Missing character: There is no ± in font cmr10!
Missing character: There is no † in font cmr10!
Missing character: There is no † in font cmr10!
Missing character: There is no ˝ in font cmr10!

./cfnova.pdf:24: Missing $ inserted.
<inserted text> 
                $
<to be read again> 
                   ^^A
l.24 ‹Á)‚^^DÅ^^Oí^^Og‡±†9B=†y˝k^^A
                                  ,∏>f&wèü]Ù£^^Oê∞»ñ¬G
? 
./cfnova.pdf:24: Misplaced alignment tab character &.
l.24 ‹Á)‚^^DÅ^^Oí^^Og‡±†9B=†y˝k^^A,∏>f&
                                       wèü]Ù£^^Oê∞»ñ¬G
? 
./cfnova.pdf:24: Interruption.
<to be read again> 
                   w
l.24 ‹Á)‚^^DÅ^^Oí^^Og‡±†9B=†y˝k^^A,∏>f&w
                                        èü]Ù£^^Oê∞»ñ¬G
? x
No pages of output.
PDF statistics:
 0 PDF objects out of 1000 (max. 8388607)
 0 named destinations out of 1000 (max. 131072)
 1 words of extra memory for PDF output out of 10000 (max. 10000000)

